
=== Tue Feb  9 01:21:45 2021

Packages were changed.
Update Mode: mergeDefaultDependencies

The following packages were 已添加:
  com.unity.collab-proxy@1.3.9
  com.unity.ide.visualstudio@2.0.5
  com.unity.modules.ai@1.0.0
  com.unity.modules.cloth@1.0.0
  com.unity.modules.director@1.0.0
  com.unity.modules.physics@1.0.0
  com.unity.modules.terrain@1.0.0
  com.unity.modules.terrainphysics@1.0.0
  com.unity.modules.umbra@1.0.0
  com.unity.modules.vehicles@1.0.0
  com.unity.modules.vr@1.0.0
  com.unity.modules.wind@1.0.0
  com.unity.modules.xr@1.0.0
  com.unity.timeline@1.4.5
The following packages were 已更新:
  com.unity.2d.animation 从版本 3.2.6 到 5.0.3
  com.unity.2d.pixel-perfect 从版本 2.0.4 到 4.0.1
  com.unity.2d.psdimporter 从版本 2.1.6 到 4.0.2
  com.unity.2d.spriteshape 从版本 3.0.14 到 5.1.0
  com.unity.ide.rider 从版本 1.1.4 到 2.0.7
  com.unity.mobile.notifications 从版本 1.0.3 到 1.3.2
  com.unity.textmeshpro 从版本 2.1.3 到 3.0.1
